Files:
ExampleMod.XNA.dll
You can find this mod's .dll files under ModLoader\references\mods for easy mod collaboration!
ExampleMod.XNA.pdb
ExampleMod.FNA.dll
ExampleMod.FNA.pdb
ExampleMod.FNA.dll.mdb
build.txt
description.txt
NPCs/Abomination/AbominationRun.cs
Angle.cs
Dusts/Flame.cs
Items/Placeable/VoidMonolith.cs
Projectiles/OctopusArm.cs
Items/ExampleSoul.cs
ExampleCustomCurrency.cs
Dusts/Negative.cs
Tiles/ExampleCritterCage.cs
ExampleAdvancedRecipe.cs
Items/ExampleWings.cs
Projectiles/OctopusArmTip.png
Items/Armor/ExampleLeggings.png
Items/ExampleWings.png
Items/Armor/ExampleRobe.cs
Projectiles/OctopusArm.png
Projectiles/PixelBall.cs
Items/Placeable/TreeTrophy.png
Projectiles/ScorePoint.cs
Items/Weapons/ExampleBullet.png
Projectiles/ScorePoint.png
Items/Armor/ExampleRobe.png
ExamplePlayer.cs
NPCs/Abomination/CaptiveElement.cs
Items/Weapons/ExampleCloneItem.cs
Projectiles/Wisp.cs
Items/Placeable/VoidMonolith.png
Projectiles/ShadowArm.cs
Items/Weapons/ExampleBullet.cs
Projectiles/Wisp.png
Items/ExampleSolution.png
Projectiles/ShadowArm.png
Dusts/ExampleWaterSplash.png
Dusts/Pixel.cs
Projectiles/Minions/HoverShooter.cs
Projectiles/SparklingBall.cs
Projectiles/Minions/Minion.cs
Projectiles/Minions/PurityBolt.cs
Projectiles/SparklingBall.png
Dusts/Pixel.png
Items/Face.png
Items/ExampleWings_Wings.png
Dusts/PixelHurt.cs
Projectiles/Minions/PurityBolt.png
Dusts/PuriumFlame.cs
Items/Fertilizer.cs
Items/ExplorerBag.cs
Projectiles/Pets/ExampleLightPet.cs
Items/Fertilizer.png
Items/ExplorerBag.png
Items/GlobalPotion.cs
Projectiles/Pets/ExampleLightPet.png
Projectiles/Pets/ExamplePet.cs
Tiles/ExampleCommandSign.png
Items/Face.cs
NPCs/Abomination/Abomination_Head_Boss.png
Items/Infinity.cs
Items/MinecartKeys.cs
Tiles/ExampleCutTile.cs
Items/Infinity.png
Projectiles/Minions/PurityWisp.cs
NPCs/Abomination/CaptiveElement2.cs
Items/MinecartKeys.png
Projectiles/Pets/ExamplePet.png
Items/Armor/ExampleRobe_Arms.png
Tiles/ExampleCutTileItem.png
Items/PlanteraItem.cs
Dusts/Negative.png
Projectiles/Minions/PurityWisp.png
Tiles/ExampleCritterCage.png
Projectiles/PuritySpirit/NegativeWall.cs
ExampleWorld.cs
Items/PlanteraItem.png
Dusts/Smoke.png
icon.png
Projectiles/PuritySpirit/NegativeWall.png
Dusts/Sparkle.cs
Projectiles/PuritySpirit/Noise.class
Tiles/ExampleCutTileTile.png
Projectiles/PuritySpirit/Noise.java
Items/PrefixChanceGlobalItem.cs
Tiles/ExampleCritterCageItem.png
Dusts/Sparkle.png
Projectiles/Minions/ExampleSimpleMinion/ExampleMinion.png
RecipeHelper.cs
Items/PurityShield.cs
Dusts/SpectreDust.cs
Tiles/ExampleDoorClosed.cs
Tiles/ExampleDoorOpen.cs
SimpleModPlayer.cs
Items/PurityShield.png
Dusts/SpectreDust.png
Items/Weapons/ExampleExplosive.png
Tiles/ExampleDoorClosed.png
Effects/ExampleEffect.fx
Items/Weapons/ExampleFlail.cs
Items/PuritySpiritBag.cs
Dusts/Flame.png
Projectiles/Minions/ExampleSimpleMinion/ExampleMinionBuff.png
Gores/ExampleTreeFX.cs
Effects/ExampleEffect.xnb
Projectiles/PuritySpirit/Noise.png
Items/Weapons/ExampleFlail.png
Items/Abomination/ElementResidue.png
Tiles/ExampleDoorClosed_Highlight.png
ExampleMod.cs
Items/PuritySpiritBag.png
Items/Abomination/FoulOrb.cs
Projectiles/PuritySpirit/NullLaser.cs
Items/SparklingSphere.cs
Tiles/ExampleDresser.png
Projectiles/PuritySpirit/NullLaser.png
Tiles/ExampleDoorOpen.png
Items/Abomination/FoulOrb.png
Projectiles/PuritySpirit/PureCrystal.cs
Items/Abomination/Icicle.cs
Items/SparklingSphere.png
Items/Abomination/AbominationBag.cs
Tiles/ExampleDoorOpen_Highlight.png
Tiles/ExampleDresser_Highlight.png
Dusts/PuriumFlame.png
Projectiles/PuritySpirit/PureCrystal.png
Dusts/Smoke.cs
Effects/ExampleEffectDeath.fx
Tiles/ExampleDresser.cs
Items/Abomination/AbominationBag.png
Tiles/ExampleGlobalTile.cs
Items/Abomination/Bubble.cs
Tiles/ExampleMusicBox.cs
Gores/LavaSnailHead.png
Tiles/ExampleHerb.cs
Projectiles/PuritySpirit/PureCrystalRing.png
Items/Weapons/ExampleFlamethrower.cs
Items/Abomination/Bubble.png
Gores/LavaSnailShell.png
Items/Abomination/ElementResidue.cs
Tiles/ExampleMusicBox.png
Items/Weapons/ExampleCloneItem.png
Items/Accessories/ManaHeart.cs
Gores/OctopusArm.png
Items/Weapons/ExampleGun.cs
Tiles/ExampleOre.cs
Items/Weapons/ExampleDualUseWeapon.cs
Items/Accessories/ManaHeart.png
Gores/OctopusHead.png
Items/Accessories/WaspNest.cs
Effects/ExampleEffectDeath.xnb
Fonts/ExampleFont.dynamicfont
Gores/ExampleDroplet.cs
Items/Armor/ExampleRobe_Body.png
Gores/ExampleTreeFX.png
Items/ExampleSoul.png
NPCs/Abomination/CaptiveElement.png
Tiles/ExampleHerb.png
Tiles/ExampleLamp.cs
Tiles/ExampleOre.png
Tiles/ExamplePlatform.cs
ExampleBiomeMapBackground.png
Items/Armor/ExampleLeggings_Legs.png
Items/Armor/PuritySpiritMask.cs
Items/Armor/PuritySpiritMask.png
Items/BossBags.cs
Items/Weapons/ExampleGun.png
Projectiles/Minions/ExampleSimpleMinion/ExampleMinionItem.png
Items/BossItem.cs
Items/Weapons/ExampleJavelin.cs
ExampleConfig.cs
Projectiles/Minions/ExampleSimpleMinion/ExampleSimpleMinion.cs
Sounds/Custom/WatchOut.cs
Sounds/Custom/WatchOut.mp3
Sounds/Item/Wooo.cs
Sounds/Item/Wooo.ogg
Sounds/Music/DriveMusic.mp3
Sounds/Music/MarbleGallery.ogg
Tiles/AnimatedLoom.cs
NPCs/Abomination/CaptiveElement2.png
Items/Weapons/ExampleDualUseWeapon.png
Items/Weapons/ExampleExplosive.cs
Items/Accessories/WaspNest.png
Gores/ExampleDroplet.png
Items/ExampleBuffPotion.cs
Backgrounds/ExampleBiomeSurfaceFar.png
NPCs/Abomination/CaptiveElement2_Head_Boss_4.png
Items/Weapons/ExampleJavelin.png
Items/Abomination/Icicle.png
Tiles/ExampleLamp.png
Items/Abomination/MoltenDrill.cs
Items/Weapons/ExampleMagicMissile.png
Items/Weapons/ExampleLaserWeapon.cs
Items/Weapons/ExampleSpear.cs
NPCs/Abomination/CaptiveElement_Head_Boss.png
Tiles/ExampleLamp_Flame.png
Items/Abomination/MoltenDrill.png
Items/Abomination/ScytheBlade.cs
Tiles/ExampleSapling.cs
Items/Accessories/WaspNest_Back.png
Items/BossItem.png
Items/CarKey.cs
Items/CarKey.png
Items/Weapons/ExampleSpear.png
Items/CopperShortsword.cs
Items/Weapons/ExampleStaff.cs
Items/EquipMaterial.cs
Items/EquipMaterial.png
Items/Weapons/ExampleStaff.png
Items/ExamplePickaxe.cs
Items/ExampleHamaxe.png
Items/Weapons/ExampleSword.cs
Projectiles/PuritySpirit/PureCrystalShield.png
Items/ExampleHealingPotion.cs
Projectiles/PuritySpirit/PurityBeam.cs
NPCs/Abomination/CaptiveElement2_Head_Boss.png
Items/ExampleHealingPotion.png
Items/Weapons/ExampleSword.png
Items/Weapons/ExampleYoyo.cs
Items/ExampleHook.cs
Backgrounds/ExampleBiomeSurfaceClose.png
Items/ExamplePickaxe.png
Items/ExampleQuestFish.cs
Items/ExampleQuestFish.png
Items/Weapons/ExampleYoyo.png
Items/ExampleShield.cs
Items/Weapons/PurityTotem.cs
Items/ExampleShield.png
Items/Weapons/PurityTotem.png
Items/Weapons/SpectreGun.cs
Items/Weapons/SpectreGun.png
Backgrounds/ExampleBiomeUG3.png
Backgrounds/ExampleSurfaceBgStyle.cs
Items/Weapons/Wisp.cs
Backgrounds/ExampleUgBgStyle.cs
Buffs/Blocky.cs
Items/ExampleShield_Shield.png
Items/ExampleSolution.cs
Items/Armor/ExampleBreastplate_FemaleBody.png
Items/Armor/ExampleCostume.cs
Items/Banners/OctopusBanner.cs
Items/Armor/ExampleRobe_FemaleBody.png
Items/Weapons/ExampleLaserWeapon.png
Items/Weapons/ExampleLastPrism.cs
Items/Weapons/ExampleMagicMissile.cs
NPCs/DrawBehindNPC.cs
Items/Weapons/Wisp.png
Localization/en-US.lang
Localization/zh-Hans.lang
Mounts/Car.cs
Tiles/ExampleSapling.png
Items/ExampleHookChain.png
Tiles/ExampleStatue.cs
Items/ExampleHookItem.png
Tiles/AnimatedLoom.png
Tiles/ExampleStatue.png
Tiles/BossTrophy.cs
Items/ExampleHookProjectile.png
Tiles/ExampleStatueItem.png
Tiles/ExampleTorch.cs
Tiles/BossTrophy.png
Tiles/ElementalPurge.cs
Items/Armor/PuritySpiritMask_Head.png
Backgrounds/ExampleBiomeSurfaceMid0.png
NPCs/Abomination/CaptiveElement_Head_Boss_1.png
Items/ExampleInstancedGlobalItem.cs
Items/ExampleItem.cs
NPCs/Abomination/CaptiveElement_Head_Boss_2.png
Items/Abomination/ScytheBlade.png
Items/ExampleItem.png
NPCs/Abomination/CaptiveElement_Head_Boss_3.png
Items/ExampleLifeFruit.cs
Items/ExampleLightPet.cs
Items/Abomination/SixColorShield.cs
Backgrounds/ExampleBiomeSurfaceMid3.png
Items/ExampleBuffPotion.png
Items/Armor/SimpleAccessory.png
Items/ExampleChestKey.cs
NPCs/Abomination/CaptiveElement_Head_Boss_4.png
Items/ExampleChestKey.png
NPCs/Abomination/FreedElement.cs
Items/ExampleCustomData.cs
Items/ExampleDashAccessory.cs
Items/Abomination/SixColorShield.png
Items/Armor/SimpleAccessory_Balloon.png
Items/ExampleDashAccessory.png
Items/Accessories/ExampleHermesBoots.cs
Backgrounds/ExampleBiomeUG0.png
Items/ExampleLightPet.png
Items/Accessories/YellowExclusiveAccessory.png
Items/Accessories/ExampleHermesBoots.png
Items/Armor/AbominationMask.cs
Items/Armor/SimpleAccessory_Neck.png
Items/ExampleDamageClass/ExampleDamageAccessory.cs
Items/ExampleDamageClass/ExampleDamageItem.cs
Items/ExampleDamageClass/ExampleDamagePlayer.cs
Items/ExampleDamageClass/ExampleResourceAccessory.cs
Items/ExampleDashAccessory_Shoes.png
Items/ExampleDrawTooltips.cs
Tiles/ExamplePlatform.png
Items/ExampleDye.cs
Tiles/ExampleSand.cs
Items/ExampleMagicMirror.cs
Tiles/ExampleTorch.png
Items/ExamplePet.cs
Tiles/ExampleTorch_Flame.png
Items/ExamplePet.png
Items/Placeable/AbominationTrophy.cs
Tiles/ExampleTrap.cs
Backgrounds/ExampleBiomeUG1.png
Tiles/ElementalPurge.png
Backgrounds/ExampleBiomeSurfaceMid1.png
NPCs/Abomination/HolySphere.png
Items/Armor/ExampleCostume.png
Buffs/Blocky.png
Buffs/BuffTemplate.png
Buffs/CarMount.cs
Items/ExampleDamageClass/ExampleResourceAccessory.png
Items/Placeable/AbominationTrophy.png
Buffs/CarMount.png
Items/ExampleDamageClass/ExampleResourceStaff.cs
Items/Placeable/BunnyTrophy.cs
Items/ExampleDamageClass/ExampleResourceStaff.png
Buffs/DebuffTemplate.png
Items/Placeable/BunnyTrophy.png
Items/ExampleDamageClass/Mundane.cs
Items/Placeable/ExampleClock.cs
NPCs/DrawBehindNPC.png
NPCs/ExampleChestSummon.cs
NPCs/ExampleCritter.cs
Items/Accessories/ExampleHermesBoots_Shoes.png
Items/Accessories/ExclusiveAccessory.cs
Items/Armor/ExampleCostume_Arms.png
Buffs/EtherealFlames.cs
NPCs/ExampleCritterItem.png
Buffs/EtherealFlames.png
Tiles/ElementalPurge_Glow.png
Buffs/ExampleDefenseBuff.cs
NPCs/Abomination/CaptiveElement2_Head_Boss_1.png
Items/ExampleDye.png
Tiles/ExampleAnimatedTile.cs
Items/ExampleFishingRod.cs
Items/ExampleGlobalRecipe.cs
Items/ExampleHairDye.cs
Backgrounds/ExampleBiomeUG2.png
NPCs/ExampleCritterNPC.png
Items/Placeable/ElementalPurge.cs
Buffs/HeroThree.png
Buffs/HeroTwo.cs
NPCs/ExampleGlobalNPC.cs
Items/Placeable/ElementalPurge.png
Items/Placeable/ExampleBar.cs
Buffs/HeroTwo.png
Items/Placeable/ExampleClock.png
Items/Placeable/ExampleCommandSign.cs
NPCs/ExamplePerson.cs
Mounts/Car_Back.png
Items/Armor/AbominationMask.png
Items/Armor/ExampleRobe_Legs.png
Items/Placeable/ExamplePlatform.cs
Items/Placeable/ExampleBar.png
Items/Placeable/ExampleBed.cs
Buffs/ExampleDefenseBuff.png
Items/Placeable/ExampleBed.png
Items/Placeable/ExamplePlatform.png
NPCs/Abomination/CaptiveElement2_Head_Boss_2.png
Buffs/ExampleJavelin.cs
Items/Placeable/ExampleSand.cs
Items/Placeable/ExampleBlock.cs
Buffs/ExampleLightPet.cs
NPCs/Abomination/CaptiveElement2_Head_Boss_3.png
Items/Placeable/ExampleSand.png
Projectiles/PuritySpirit/PurityBeam.png
Items/Placeable/ExampleBlock.png
Items/Placeable/ExampleTorch.cs
Items/Placeable/ExampleChair.cs
Buffs/ExampleLightPet.png
Projectiles/PuritySpirit/PuritySnake.cs
Buffs/ExampleMinecartBuff.cs
Projectiles/PuritySpirit/PuritySphere.cs
Tiles/ExampleAnimatedTileItem.png
NPCs/PuritySpirit/Noise.png
Items/Accessories/GreenExclusiveAccessory.png
Buffs/ImbueBuffTemplate.png
Buffs/Nullified.cs
Items/Placeable/ExampleTrapA.png
Buffs/Nullified.png
Buffs/PurityWisp.cs
Items/Placeable/ExampleTrapB.png
Items/Placeable/ExampleWall.cs
Buffs/PurityWisp.png
Items/Placeable/ExampleWall.png
Items/Placeable/ExampleWorkbench.cs
Buffs/Skull.png
Tiles/ExampleAnimatedTileTile.png
Items/Armor/ExampleCostume_Body.png
Items/Placeable/ExampleWorkbench.png
Items/Placeable/PuritySpiritTrophy.cs
Tiles/ExampleSand.png
Tiles/ExampleBar.cs
Items/Placeable/ExampleChair.png
Items/Placeable/ExampleChest.cs
Buffs/Undead.cs
Items/Placeable/ExampleChest.png
Buffs/Undead.png
NPCs/Fish.cs
Buffs/Undead2.cs
Items/Placeable/ExampleTorch.png
Buffs/Undead2.png
Items/Placeable/ExampleTorch_Flame.png
Commands/AddTimeCommand.cs
Projectiles/PuritySpirit/PuritySphere.png
NPCs/FlutterSlime.cs
Commands/CoinCommand.cs
Items/Placeable/ExampleTrap.cs
Commands/ItemCommand.cs
Commands/LagCommand.cs
Commands/NPCCommand.cs
Commands/NpcTypeCommand.cs
Commands/ScoreCommand.cs
Commands/SoundCommand.cs
Commands/VolcanoCommand.cs
Dusts/AdvancedDust.cs
Dusts/Bubble.cs
Items/Armor/ExampleCostume_Head.png
Backgrounds/ExampleBiomeSurfaceMid2.png
Projectiles/ExampleBullet.cs
Projectiles/PuritySpirit/VoidWorld.cs
Items/Banners/OctopusBanner.png
Tiles/ExampleBar.png
Items/Banners/SarcophagusBanner.cs
Tiles/ExampleBed.cs
NPCs/PuritySpirit/PurityEyes.png
Projectiles/ExampleBullet.png
Projectiles/ExampleCloneProjectile.cs
Items/ExampleHairDye.png
Items/ExampleHamaxe.cs
Projectiles/ExampleFlailProjectileChain.png
Tiles/ExampleBed.png
Projectiles/ExampleJavelinProjectile.cs
Tiles/ExampleBed_Highlight.png
Tiles/ScoreBoard.png
Tiles/ExampleBlock.cs
NPCs/FlutterSlime.png
NPCs/Hover.cs
Items/Armor/AbominationMask_Head.png
Items/Armor/BunnyMask.cs
Projectiles/ExampleJavelinProjectile.png
Items/Placeable/ExampleCommandSign.png
Items/Placeable/ExampleDoor.cs
Items/Banners/SarcophagusBanner.png
Projectiles/ExampleCloneProjectile.png
Projectiles/ExampleExplosive.cs
NPCs/PuritySpirit/PuritySpirit.png
NPCs/PuritySpirit/PuritySpiritScreenShaderData.cs
Items/Placeable/ExampleDoor.png
Tiles/ScoreBoard_Outline.png
Items/Placeable/ExampleDresser.cs
NPCs/PuritySpirit/PuritySpiritSky.cs
Projectiles/ExampleYoyoProjectile.png
Projectiles/FlamethrowerProjectile.cs
Projectiles/HealProj.cs
Projectiles/MagicMissile.cs
Projectiles/PuritySpirit/VoidWorld.png
Properties/launchSettings.json
Sounds/Custom/BananaImpact.wav
NPCs/ExamplePerson.png
Buffs/ExampleMinecartBuff.png
Buffs/ExamplePet.cs
Tiles/TEElementalPurge.cs
Tiles/TEScoreBoard.cs
Tiles/VoidMonolith.cs
Projectiles/ExampleJavelinProjectile_Glow.png
Items/Placeable/ExampleDresser.png
Items/Placeable/ExampleHerbSeeds.cs
Projectiles/ExampleLaser.cs
Tiles/VoidMonolith.png
NPCs/ExamplePerson_Alt_1.png
NPCs/PuritySpirit/PuritySpirit_Head_Boss.png
Buffs/ExamplePet.png
Items/Placeable/PuritySpiritTrophy.png
NPCs/Lock.png
Items/Placeable/ScoreBoard.cs
NPCs/Octopus.cs
Items/Placeable/ScoreBoard.png
Items/Placeable/TreeTrophy.cs
NPCs/Octopus.png
NPCs/ExamplePerson_Head.png
NPCs/PartyZombie.cs
NPCs/ExampleTravelingMerchant.cs
Buffs/HeroBuffTemplate.png
Buffs/HeroOne.cs
NPCs/PartyZombie.png
NPCs/Sarcophagus.cs
Buffs/HeroOne.png
Buffs/HeroThree.cs
Projectiles/ExampleExplosive.png
NPCs/Sarcophagus.png
Projectiles/ExampleFlailProjectile.cs
NPCs/Seal.png
Projectiles/ExampleFlailProjectile.png
NPCs/Worm.cs
Items/Armor/BunnyMask.png
NPCs/PuritySpirit/Revive.png
Tiles/ExampleTrap.png
NPCs/Abomination/Abomination.cs
Prefixes/AwesomePrefix.cs
Tiles/ExampleWorkbench.cs
Projectiles/ElementBall.cs
Tiles/ExampleWorkbench.png
Projectiles/ElementBall.png
Tiles/Minesweeper.cs
Projectiles/ElementLaser.cs
Projectiles/ElementLaser.png
Projectiles/ElementShield.cs
Tiles/Trees/ExampleTree_Tops.png
UI/DragableUIPanel.cs
Tiles/Minesweeper.png
Tiles/MonsterBanner.cs
UI/ExamplePersonUI.cs
UI/ExampleResourceBar.cs
NPCs/ExampleTravelingMerchant.png
NPCs/Abomination/Abomination.png
Items/Armor/BunnyMask_Head.png
Items/Armor/ExampleBreastplate.cs
Mounts/Car_Front.png
Mounts/ExampleMinecart.cs
Items/Placeable/ExampleHerbSeeds.png
Items/Placeable/ExampleLamp.cs
Dusts/Bubble.png
NPCs/ExampleTravelingMerchant_Head.png
Dusts/EtherealFlame.cs
NPCs/FallenSoul.cs
Dusts/EtherealFlame.png
Dusts/ExampleMinecartDust.cs
Dusts/ExampleMinecartDust.png
Items/Armor/ExampleBreastplate.png
Dusts/ExampleSolution.cs
Tiles/MonsterBanner.png
NPCs/FallenSoul.png
Tiles/ExampleBlock.png
Tiles/ExampleChair.cs
NPCs/Abomination/HolySphereBorder.png
UI/ExampleResourceFrame.png
NPCs/PuritySpirit/PurityParticle.png
UI/ExampleUI.cs
Tiles/ExampleChair.png
UI/UIHoverImageButton.cs
Dusts/ExampleSolution.png
Dusts/ExampleWaterSplash.cs
NPCs/PuritySpirit/PurityShield.cs
UI/VanillaItemSlotWrapper.cs
Tiles/ExampleChest.cs
Walls/ExampleWall.cs
Projectiles/ExampleLaser.png
Tiles/ExampleChest.png
Projectiles/ExampleLastPrismBeam.cs
NPCs/Abomination/Rune.png
NPCs/PuritySpirit/Noise.class
NPCs/PuritySpirit/Noise.java
Items/Armor/ExampleCostume_Legs.png
Items/Armor/ExampleHelmet.cs
Tiles/ExampleChest_Highlight.png
Tiles/ExampleClock.cs
Walls/ExampleWall.png
Waters/ExampleWaterfallStyle.cs
NPCs/PuritySpirit/PurityShield.png
Items/Placeable/ExampleLamp.png
Items/Armor/ExampleHelmet.png
Items/Placeable/ExampleMusicBox.cs
Items/Placeable/ExampleMusicBox.png
Items/Placeable/ExampleOre.cs
Items/Placeable/ExampleOre.png
Mounts/ExampleMinecart_Front.png
Waters/ExampleWaterfallStyle.png
Waters/ExampleWaterStyle.cs
NPCs/DeathAnimation.cs
Projectiles/ElementShield.png
Projectiles/ExampleAnimatedPierce.cs
Items/Armor/ExampleHelmet_Head.png
Items/Armor/ExampleHood.cs
NPCs/PuritySpirit/PurityShieldChain.png
Projectiles/ExampleLastPrismBeam.png
Projectiles/MagicMissile.png
Projectiles/ExampleLastPrismHoldout.cs
Projectiles/MoltenDrill.cs
Projectiles/ExampleSandProjectile.cs
Projectiles/MoltenDrill.png
Projectiles/ExampleSandProjectile.png
Tiles/ExampleClock.png
Projectiles/ExampleSolution.cs
Tiles/ExampleCommandSign.cs
Projectiles/ExampleSolution.png
Projectiles/ExampleSpearProjectile.cs
Projectiles/ExampleSpearProjectile.png
Projectiles/ExampleYoyoProjectile.cs
Tiles/VoidMonolith_Glow.png
Items/Armor/ExampleHood.png
Projectiles/ExampleAnimatedPierce.png
Tiles/VoidSky.cs
Tiles/Trees/ExampleCactus.cs
Projectiles/ExampleBehindTilesProjectile.cs
Projectiles/ExampleBobber.cs
Tiles/Trees/ExampleCactus.png
Tiles/Trees/ExamplePalmTree.cs
Items/Armor/ExampleBreastplate_Arms.png
Tiles/Trees/ExamplePalmTree.png
Tiles/Trees/ExamplePalmTree_Tops.png
Tiles/Trees/ExampleTree.cs
Items/Armor/ExampleHood_Head.png
Items/Armor/ExampleLeggings.cs
Items/Armor/ExampleBreastplate_Body.png
NPCs/DeathAnimation.png
Waters/ExampleWaterStyle.png
Waters/ExampleWaterStyle_Block.png
Tiles/Trees/ExampleTree.png
Tiles/Trees/ExampleTree_Branches.png
NPCs/PuritySpirit/PurityShieldGlow.png
NPCs/PuritySpirit/PuritySpirit.cs
